2026-06-18T12:30:44.015+05:30  INFO 13932 --- [ibm-springboot-demo] [restartedMain] c.ibm.demo.IbmSpringbootDemoApplication  : Starting IbmSpringbootDemoApplication using Java 21.0.10 with PID 13932 (D:\Projects\ibm-4-jun-2026\eclipse-ws\ibm-springboot-demo\target\classes started by DELL in D:\Projects\ibm-4-jun-2026\eclipse-ws\ibm-springboot-demo)
2026-06-18T12:30:44.017+05:30  INFO 13932 --- [ibm-springboot-demo] [restartedMain] c.ibm.demo.IbmSpringbootDemoApplication  : No active profile set, falling back to 1 default profile: "default"
2026-06-18T12:30:44.068+05:30  INFO 13932 --- [ibm-springboot-demo] [restartedMain] .e.DevToolsPropertyDefaultsPostProcessor : Devtools property defaults active! Set 'spring.devtools.add-properties' to 'false' to disable
2026-06-18T12:30:44.068+05:30  INFO 13932 --- [ibm-springboot-demo] [restartedMain] .e.DevToolsPropertyDefaultsPostProcessor : For additional web related logging consider setting the 'logging.level.web' property to 'DEBUG'
2026-06-18T12:30:45.217+05:30  INFO 13932 --- [ibm-springboot-demo] [restartedMain] .s.d.r.c.RepositoryConfigurationDelegate : Bootstrapping Spring Data MongoDB repositories in DEFAULT mode.
2026-06-18T12:30:45.287+05:30  INFO 13932 --- [ibm-springboot-demo] [restartedMain] .s.d.r.c.RepositoryConfigurationDelegate : Finished Spring Data repository scanning in 61 ms. Found 3 MongoDB repository interfaces.
2026-06-18T12:30:45.951+05:30  INFO 13932 --- [ibm-springboot-demo] [restartedMain] o.s.b.w.embedded.tomcat.TomcatWebServer  : Tomcat initialized with port 8090 (http)
2026-06-18T12:30:45.968+05:30  INFO 13932 --- [ibm-springboot-demo] [restartedMain] o.apache.catalina.core.StandardService   : Starting service [Tomcat]
2026-06-18T12:30:45.968+05:30  INFO 13932 --- [ibm-springboot-demo] [restartedMain] o.apache.catalina.core.StandardEngine    : Starting Servlet engine: [Apache Tomcat/10.1.43]
2026-06-18T12:30:46.019+05:30  INFO 13932 --- [ibm-springboot-demo] [restartedMain] o.a.c.c.C.[Tomcat].[localhost].[/]       : Initializing Spring embedded WebApplicationContext
2026-06-18T12:30:46.019+05:30  INFO 13932 --- [ibm-springboot-demo] [restartedMain] w.s.c.ServletWebServerApplicationContext : Root WebApplicationContext: initialization completed in 1950 ms
2026-06-18T12:30:46.189+05:30  INFO 13932 --- [ibm-springboot-demo] [restartedMain] c.i.d.c.SecurityConfig$$SpringCGLIB$$0   : Step 1 - authenticationManager
2026-06-18T12:30:46.209+05:30  INFO 13932 --- [ibm-springboot-demo] [restartedMain] c.i.d.c.SecurityConfig$$SpringCGLIB$$0   : Step 2 - passwordEncoder
2026-06-18T12:30:46.212+05:30  INFO 13932 --- [ibm-springboot-demo] [restartedMain] c.i.d.c.SecurityConfig$$SpringCGLIB$$0   : Step 3 - userDetailsService
2026-06-18T12:30:46.344+05:30  INFO 13932 --- [ibm-springboot-demo] [restartedMain] r$InitializeUserDetailsManagerConfigurer : Global AuthenticationManager configured with UserDetailsService bean with name userDetailsService
2026-06-18T12:30:46.463+05:30  INFO 13932 --- [ibm-springboot-demo] [restartedMain] org.mongodb.driver.client                : MongoClient with metadata {"driver": {"name": "mongo-java-driver|sync", "version": "5.5.1"}, "os": {"type": "Windows", "name": "Windows 11", "architecture": "amd64", "version": "10.0"}, "platform": "Java/Eclipse Adoptium/21.0.10+7-LTS"} created with settings MongoClientSettings{readPreference=primary, writeConcern=WriteConcern{w=null, wTimeout=null ms, journal=null}, retryWrites=true, retryReads=true, readConcern=ReadConcern{level=null}, credential=null, transportSettings=null, commandListeners=[], codecRegistry=ProvidersCodecRegistry{codecProviders=[ValueCodecProvider{}, BsonValueCodecProvider{}, DBRefCodecProvider{}, DBObjectCodecProvider{}, DocumentCodecProvider{}, CollectionCodecProvider{}, IterableCodecProvider{}, MapCodecProvider{}, GeoJsonCodecProvider{}, GridFSFileCodecProvider{}, Jsr310CodecProvider{}, JsonObjectCodecProvider{}, BsonCodecProvider{}, EnumCodecProvider{}, com.mongodb.client.model.mql.ExpressionCodecProvider@55f5f769, com.mongodb.Jep395RecordCodecProvider@3d1029e0, com.mongodb.KotlinCodecProvider@45ff2354]}, loggerSettings=LoggerSettings{maxDocumentLength=1000}, clusterSettings={hosts=[localhost:27017], srvServiceName=mongodb, mode=SINGLE, requiredClusterType=UNKNOWN, requiredReplicaSetName='null', serverSelector='null', clusterListeners='[]', serverSelectionTimeout='30000 ms', localThreshold='15 ms'}, socketSettings=SocketSettings{connectTimeoutMS=10000, readTimeoutMS=0, receiveBufferSize=0, proxySettings=ProxySettings{host=null, port=null, username=null, password=null}}, heartbeatSocketSettings=SocketSettings{connectTimeoutMS=10000, readTimeoutMS=10000, receiveBufferSize=0, proxySettings=ProxySettings{host=null, port=null, username=null, password=null}}, connectionPoolSettings=ConnectionPoolSettings{maxSize=100, minSize=0, maxWaitTimeMS=120000, maxConnectionLifeTimeMS=0, maxConnectionIdleTimeMS=0, maintenanceInitialDelayMS=0, maintenanceFrequencyMS=60000, connectionPoolListeners=[], maxConnecting=2}, serverSettings=ServerSettings{heartbeatFrequencyMS=10000, minHeartbeatFrequencyMS=500, serverMonitoringMode=AUTO, serverListeners='[]', serverMonitorListeners='[]'}, sslSettings=SslSettings{enabled=false, invalidHostNameAllowed=false, context=null}, applicationName='null', compressorList=[], uuidRepresentation=UNSPECIFIED, serverApi=null, autoEncryptionSettings=null, dnsClient=null, inetAddressResolver=null, contextProvider=null, timeoutMS=null}
2026-06-18T12:30:46.499+05:30  INFO 13932 --- [ibm-springboot-demo] [cluster-ClusterId{value='6a33979efff933a1967148dc', description='null'}-localhost:27017] org.mongodb.driver.cluster               : Monitor thread successfully connected to server with description ServerDescription{address=localhost:27017, type=STANDALONE, cryptd=false, state=CONNECTED, ok=true, minWireVersion=0, maxWireVersion=28, maxDocumentSize=16777216, logicalSessionTimeoutMinutes=30, roundTripTimeNanos=29159600, minRoundTripTimeNanos=0}
2026-06-18T12:30:46.609+05:30  INFO 13932 --- [ibm-springboot-demo] [restartedMain] o.s.b.d.a.OptionalLiveReloadServer       : LiveReload server is running on port 35729
2026-06-18T12:30:47.509+05:30  INFO 13932 --- [ibm-springboot-demo] [restartedMain] o.s.b.a.e.web.EndpointLinksResolver      : Exposing 1 endpoint beneath base path '/actuator'
2026-06-18T12:30:47.582+05:30  INFO 13932 --- [ibm-springboot-demo] [restartedMain] c.i.d.c.SecurityConfig$$SpringCGLIB$$0   : Step 4 - securityFilterChain
2026-06-18T12:30:47.610+05:30  INFO 13932 --- [ibm-springboot-demo] [restartedMain] c.i.d.c.SecurityConfig$$SpringCGLIB$$0   : Step 5 - jwtFilter
2026-06-18T12:30:48.249+05:30  INFO 13932 --- [ibm-springboot-demo] [restartedMain] o.s.b.w.embedded.tomcat.TomcatWebServer  : Tomcat started on port 8090 (http) with context path '/'
2026-06-18T12:30:48.260+05:30  INFO 13932 --- [ibm-springboot-demo] [restartedMain] c.ibm.demo.IbmSpringbootDemoApplication  : Started IbmSpringbootDemoApplication in 4.631 seconds (process running for 5.014)
2026-06-18T12:31:40.945+05:30  INFO 13932 --- [ibm-springboot-demo] [File Watcher] rtingClassPathChangeChangedEventListener : Restarting due to 1 class path change (0 additions, 0 deletions, 1 modification)
2026-06-18T12:31:40.948+05:30  INFO 13932 --- [ibm-springboot-demo] [Thread-4] o.s.b.w.e.tomcat.GracefulShutdown        : Commencing graceful shutdown. Waiting for active requests to complete
2026-06-18T12:31:40.953+05:30  INFO 13932 --- [ibm-springboot-demo] [tomcat-shutdown] o.s.b.w.e.tomcat.GracefulShutdown        : Graceful shutdown complete
2026-06-18T12:31:41.009+05:30  INFO 13932 --- [ibm-springboot-demo] [restartedMain] c.ibm.demo.IbmSpringbootDemoApplication  : Starting IbmSpringbootDemoApplication using Java 21.0.10 with PID 13932 (D:\Projects\ibm-4-jun-2026\eclipse-ws\ibm-springboot-demo\target\classes started by DELL in D:\Projects\ibm-4-jun-2026\eclipse-ws\ibm-springboot-demo)
2026-06-18T12:31:41.009+05:30  INFO 13932 --- [ibm-springboot-demo] [restartedMain] c.ibm.demo.IbmSpringbootDemoApplication  : No active profile set, falling back to 1 default profile: "default"
2026-06-18T12:31:41.285+05:30  INFO 13932 --- [ibm-springboot-demo] [restartedMain] .s.d.r.c.RepositoryConfigurationDelegate : Bootstrapping Spring Data MongoDB repositories in DEFAULT mode.
2026-06-18T12:31:41.302+05:30  INFO 13932 --- [ibm-springboot-demo] [restartedMain] .s.d.r.c.RepositoryConfigurationDelegate : Finished Spring Data repository scanning in 15 ms. Found 3 MongoDB repository interfaces.
2026-06-18T12:31:41.375+05:30  INFO 13932 --- [ibm-springboot-demo] [restartedMain] o.s.b.w.embedded.tomcat.TomcatWebServer  : Tomcat initialized with port 8090 (http)
2026-06-18T12:31:41.376+05:30  INFO 13932 --- [ibm-springboot-demo] [restartedMain] o.apache.catalina.core.StandardService   : Starting service [Tomcat]
2026-06-18T12:31:41.376+05:30  INFO 13932 --- [ibm-springboot-demo] [restartedMain] o.apache.catalina.core.StandardEngine    : Starting Servlet engine: [Apache Tomcat/10.1.43]
2026-06-18T12:31:41.389+05:30  INFO 13932 --- [ibm-springboot-demo] [restartedMain] o.a.c.c.C.[Tomcat].[localhost].[/]       : Initializing Spring embedded WebApplicationContext
2026-06-18T12:31:41.389+05:30  INFO 13932 --- [ibm-springboot-demo] [restartedMain] w.s.c.ServletWebServerApplicationContext : Root WebApplicationContext: initialization completed in 378 ms
2026-06-18T12:31:41.432+05:30  INFO 13932 --- [ibm-springboot-demo] [restartedMain] c.i.d.c.SecurityConfig$$SpringCGLIB$$0   : Step 1 - authenticationManager
2026-06-18T12:31:41.438+05:30  INFO 13932 --- [ibm-springboot-demo] [restartedMain] c.i.d.c.SecurityConfig$$SpringCGLIB$$0   : Step 2 - passwordEncoder
2026-06-18T12:31:41.439+05:30  INFO 13932 --- [ibm-springboot-demo] [restartedMain] c.i.d.c.SecurityConfig$$SpringCGLIB$$0   : Step 3 - userDetailsService
2026-06-18T12:31:41.556+05:30  INFO 13932 --- [ibm-springboot-demo] [restartedMain] r$InitializeUserDetailsManagerConfigurer : Global AuthenticationManager configured with UserDetailsService bean with name userDetailsService
2026-06-18T12:31:41.567+05:30  INFO 13932 --- [ibm-springboot-demo] [restartedMain] org.mongodb.driver.client                : MongoClient with metadata {"driver": {"name": "mongo-java-driver|sync", "version": "5.5.1"}, "os": {"type": "Windows", "name": "Windows 11", "architecture": "amd64", "version": "10.0"}, "platform": "Java/Eclipse Adoptium/21.0.10+7-LTS"} created with settings MongoClientSettings{readPreference=primary, writeConcern=WriteConcern{w=null, wTimeout=null ms, journal=null}, retryWrites=true, retryReads=true, readConcern=ReadConcern{level=null}, credential=null, transportSettings=null, commandListeners=[], codecRegistry=ProvidersCodecRegistry{codecProviders=[ValueCodecProvider{}, BsonValueCodecProvider{}, DBRefCodecProvider{}, DBObjectCodecProvider{}, DocumentCodecProvider{}, CollectionCodecProvider{}, IterableCodecProvider{}, MapCodecProvider{}, GeoJsonCodecProvider{}, GridFSFileCodecProvider{}, Jsr310CodecProvider{}, JsonObjectCodecProvider{}, BsonCodecProvider{}, EnumCodecProvider{}, com.mongodb.client.model.mql.ExpressionCodecProvider@55f5f769, com.mongodb.Jep395RecordCodecProvider@3d1029e0, com.mongodb.KotlinCodecProvider@45ff2354]}, loggerSettings=LoggerSettings{maxDocumentLength=1000}, clusterSettings={hosts=[localhost:27017], srvServiceName=mongodb, mode=SINGLE, requiredClusterType=UNKNOWN, requiredReplicaSetName='null', serverSelector='null', clusterListeners='[]', serverSelectionTimeout='30000 ms', localThreshold='15 ms'}, socketSettings=SocketSettings{connectTimeoutMS=10000, readTimeoutMS=0, receiveBufferSize=0, proxySettings=ProxySettings{host=null, port=null, username=null, password=null}}, heartbeatSocketSettings=SocketSettings{connectTimeoutMS=10000, readTimeoutMS=10000, receiveBufferSize=0, proxySettings=ProxySettings{host=null, port=null, username=null, password=null}}, connectionPoolSettings=ConnectionPoolSettings{maxSize=100, minSize=0, maxWaitTimeMS=120000, maxConnectionLifeTimeMS=0, maxConnectionIdleTimeMS=0, maintenanceInitialDelayMS=0, maintenanceFrequencyMS=60000, connectionPoolListeners=[], maxConnecting=2}, serverSettings=ServerSettings{heartbeatFrequencyMS=10000, minHeartbeatFrequencyMS=500, serverMonitoringMode=AUTO, serverListeners='[]', serverMonitorListeners='[]'}, sslSettings=SslSettings{enabled=false, invalidHostNameAllowed=false, context=null}, applicationName='null', compressorList=[], uuidRepresentation=UNSPECIFIED, serverApi=null, autoEncryptionSettings=null, dnsClient=null, inetAddressResolver=null, contextProvider=null, timeoutMS=null}
2026-06-18T12:31:41.569+05:30  INFO 13932 --- [ibm-springboot-demo] [cluster-ClusterId{value='6a3397d5fff933a1967148dd', description='null'}-localhost:27017] org.mongodb.driver.cluster               : Monitor thread successfully connected to server with description ServerDescription{address=localhost:27017, type=STANDALONE, cryptd=false, state=CONNECTED, ok=true, minWireVersion=0, maxWireVersion=28, maxDocumentSize=16777216, logicalSessionTimeoutMinutes=30, roundTripTimeNanos=1306700, minRoundTripTimeNanos=0}
2026-06-18T12:31:41.585+05:30  INFO 13932 --- [ibm-springboot-demo] [restartedMain] o.s.b.d.a.OptionalLiveReloadServer       : LiveReload server is running on port 35729
2026-06-18T12:31:41.804+05:30  INFO 13932 --- [ibm-springboot-demo] [restartedMain] o.s.b.a.e.web.EndpointLinksResolver      : Exposing 1 endpoint beneath base path '/actuator'
2026-06-18T12:31:41.811+05:30  INFO 13932 --- [ibm-springboot-demo] [restartedMain] c.i.d.c.SecurityConfig$$SpringCGLIB$$0   : Step 4 - securityFilterChain
2026-06-18T12:31:41.817+05:30  INFO 13932 --- [ibm-springboot-demo] [restartedMain] c.i.d.c.SecurityConfig$$SpringCGLIB$$0   : Step 5 - jwtFilter
2026-06-18T12:31:41.915+05:30  INFO 13932 --- [ibm-springboot-demo] [restartedMain] o.s.b.w.embedded.tomcat.TomcatWebServer  : Tomcat started on port 8090 (http) with context path '/'
2026-06-18T12:31:41.921+05:30  INFO 13932 --- [ibm-springboot-demo] [restartedMain] c.ibm.demo.IbmSpringbootDemoApplication  : Started IbmSpringbootDemoApplication in 0.93 seconds (process running for 58.674)
2026-06-18T12:31:41.924+05:30  INFO 13932 --- [ibm-springboot-demo] [restartedMain] .ConditionEvaluationDeltaLoggingListener : Condition evaluation unchanged
2026-06-18T12:31:43.335+05:30  INFO 13932 --- [ibm-springboot-demo] [File Watcher] rtingClassPathChangeChangedEventListener : Restarting due to 3 class path changes (0 additions, 0 deletions, 3 modifications)
2026-06-18T12:31:43.338+05:30  INFO 13932 --- [ibm-springboot-demo] [Thread-7] o.s.b.w.e.tomcat.GracefulShutdown        : Commencing graceful shutdown. Waiting for active requests to complete
2026-06-18T12:31:43.344+05:30  INFO 13932 --- [ibm-springboot-demo] [tomcat-shutdown] o.s.b.w.e.tomcat.GracefulShutdown        : Graceful shutdown complete
2026-06-18T12:31:43.397+05:30  INFO 13932 --- [ibm-springboot-demo] [restartedMain] c.ibm.demo.IbmSpringbootDemoApplication  : Starting IbmSpringbootDemoApplication using Java 21.0.10 with PID 13932 (D:\Projects\ibm-4-jun-2026\eclipse-ws\ibm-springboot-demo\target\classes started by DELL in D:\Projects\ibm-4-jun-2026\eclipse-ws\ibm-springboot-demo)
2026-06-18T12:31:43.397+05:30  INFO 13932 --- [ibm-springboot-demo] [restartedMain] c.ibm.demo.IbmSpringbootDemoApplication  : No active profile set, falling back to 1 default profile: "default"
2026-06-18T12:31:43.572+05:30  INFO 13932 --- [ibm-springboot-demo] [restartedMain] .s.d.r.c.RepositoryConfigurationDelegate : Bootstrapping Spring Data MongoDB repositories in DEFAULT mode.
2026-06-18T12:31:43.586+05:30  INFO 13932 --- [ibm-springboot-demo] [restartedMain] .s.d.r.c.RepositoryConfigurationDelegate : Finished Spring Data repository scanning in 13 ms. Found 3 MongoDB repository interfaces.
2026-06-18T12:31:43.648+05:30  INFO 13932 --- [ibm-springboot-demo] [restartedMain] o.s.b.w.embedded.tomcat.TomcatWebServer  : Tomcat initialized with port 8090 (http)
2026-06-18T12:31:43.648+05:30  INFO 13932 --- [ibm-springboot-demo] [restartedMain] o.apache.catalina.core.StandardService   : Starting service [Tomcat]
2026-06-18T12:31:43.649+05:30  INFO 13932 --- [ibm-springboot-demo] [restartedMain] o.apache.catalina.core.StandardEngine    : Starting Servlet engine: [Apache Tomcat/10.1.43]
2026-06-18T12:31:43.661+05:30  INFO 13932 --- [ibm-springboot-demo] [restartedMain] o.a.c.c.C.[Tomcat].[localhost].[/]       : Initializing Spring embedded WebApplicationContext
2026-06-18T12:31:43.661+05:30  INFO 13932 --- [ibm-springboot-demo] [restartedMain] w.s.c.ServletWebServerApplicationContext : Root WebApplicationContext: initialization completed in 263 ms
2026-06-18T12:31:43.691+05:30  INFO 13932 --- [ibm-springboot-demo] [restartedMain] c.i.d.c.SecurityConfig$$SpringCGLIB$$0   : Step 1 - authenticationManager
2026-06-18T12:31:43.695+05:30  INFO 13932 --- [ibm-springboot-demo] [restartedMain] c.i.d.c.SecurityConfig$$SpringCGLIB$$0   : Step 2 - passwordEncoder
2026-06-18T12:31:43.696+05:30  INFO 13932 --- [ibm-springboot-demo] [restartedMain] c.i.d.c.SecurityConfig$$SpringCGLIB$$0   : Step 3 - userDetailsService
2026-06-18T12:31:43.812+05:30  INFO 13932 --- [ibm-springboot-demo] [restartedMain] r$InitializeUserDetailsManagerConfigurer : Global AuthenticationManager configured with UserDetailsService bean with name userDetailsService
2026-06-18T12:31:43.821+05:30  INFO 13932 --- [ibm-springboot-demo] [restartedMain] org.mongodb.driver.client                : MongoClient with metadata {"driver": {"name": "mongo-java-driver|sync", "version": "5.5.1"}, "os": {"type": "Windows", "name": "Windows 11", "architecture": "amd64", "version": "10.0"}, "platform": "Java/Eclipse Adoptium/21.0.10+7-LTS"} created with settings MongoClientSettings{readPreference=primary, writeConcern=WriteConcern{w=null, wTimeout=null ms, journal=null}, retryWrites=true, retryReads=true, readConcern=ReadConcern{level=null}, credential=null, transportSettings=null, commandListeners=[], codecRegistry=ProvidersCodecRegistry{codecProviders=[ValueCodecProvider{}, BsonValueCodecProvider{}, DBRefCodecProvider{}, DBObjectCodecProvider{}, DocumentCodecProvider{}, CollectionCodecProvider{}, IterableCodecProvider{}, MapCodecProvider{}, GeoJsonCodecProvider{}, GridFSFileCodecProvider{}, Jsr310CodecProvider{}, JsonObjectCodecProvider{}, BsonCodecProvider{}, EnumCodecProvider{}, com.mongodb.client.model.mql.ExpressionCodecProvider@55f5f769, com.mongodb.Jep395RecordCodecProvider@3d1029e0, com.mongodb.KotlinCodecProvider@45ff2354]}, loggerSettings=LoggerSettings{maxDocumentLength=1000}, clusterSettings={hosts=[localhost:27017], srvServiceName=mongodb, mode=SINGLE, requiredClusterType=UNKNOWN, requiredReplicaSetName='null', serverSelector='null', clusterListeners='[]', serverSelectionTimeout='30000 ms', localThreshold='15 ms'}, socketSettings=SocketSettings{connectTimeoutMS=10000, readTimeoutMS=0, receiveBufferSize=0, proxySettings=ProxySettings{host=null, port=null, username=null, password=null}}, heartbeatSocketSettings=SocketSettings{connectTimeoutMS=10000, readTimeoutMS=10000, receiveBufferSize=0, proxySettings=ProxySettings{host=null, port=null, username=null, password=null}}, connectionPoolSettings=ConnectionPoolSettings{maxSize=100, minSize=0, maxWaitTimeMS=120000, maxConnectionLifeTimeMS=0, maxConnectionIdleTimeMS=0, maintenanceInitialDelayMS=0, maintenanceFrequencyMS=60000, connectionPoolListeners=[], maxConnecting=2}, serverSettings=ServerSettings{heartbeatFrequencyMS=10000, minHeartbeatFrequencyMS=500, serverMonitoringMode=AUTO, serverListeners='[]', serverMonitorListeners='[]'}, sslSettings=SslSettings{enabled=false, invalidHostNameAllowed=false, context=null}, applicationName='null', compressorList=[], uuidRepresentation=UNSPECIFIED, serverApi=null, autoEncryptionSettings=null, dnsClient=null, inetAddressResolver=null, contextProvider=null, timeoutMS=null}
2026-06-18T12:31:43.824+05:30  INFO 13932 --- [ibm-springboot-demo] [cluster-ClusterId{value='6a3397d7fff933a1967148de', description='null'}-localhost:27017] org.mongodb.driver.cluster               : Monitor thread successfully connected to server with description ServerDescription{address=localhost:27017, type=STANDALONE, cryptd=false, state=CONNECTED, ok=true, minWireVersion=0, maxWireVersion=28, maxDocumentSize=16777216, logicalSessionTimeoutMinutes=30, roundTripTimeNanos=1515600, minRoundTripTimeNanos=0}
2026-06-18T12:31:43.832+05:30  INFO 13932 --- [ibm-springboot-demo] [restartedMain] o.s.b.d.a.OptionalLiveReloadServer       : LiveReload server is running on port 35729
2026-06-18T12:31:43.993+05:30  INFO 13932 --- [ibm-springboot-demo] [restartedMain] o.s.b.a.e.web.EndpointLinksResolver      : Exposing 1 endpoint beneath base path '/actuator'
2026-06-18T12:31:44.000+05:30  INFO 13932 --- [ibm-springboot-demo] [restartedMain] c.i.d.c.SecurityConfig$$SpringCGLIB$$0   : Step 4 - securityFilterChain
2026-06-18T12:31:44.008+05:30  INFO 13932 --- [ibm-springboot-demo] [restartedMain] c.i.d.c.SecurityConfig$$SpringCGLIB$$0   : Step 5 - jwtFilter
2026-06-18T12:31:44.095+05:30  INFO 13932 --- [ibm-springboot-demo] [restartedMain] o.s.b.w.embedded.tomcat.TomcatWebServer  : Tomcat started on port 8090 (http) with context path '/'
2026-06-18T12:31:44.100+05:30  INFO 13932 --- [ibm-springboot-demo] [restartedMain] c.ibm.demo.IbmSpringbootDemoApplication  : Started IbmSpringbootDemoApplication in 0.717 seconds (process running for 60.853)
2026-06-18T12:31:44.101+05:30  INFO 13932 --- [ibm-springboot-demo] [restartedMain] .ConditionEvaluationDeltaLoggingListener : Condition evaluation unchanged
2026-06-18T12:32:05.130+05:30  INFO 14100 --- [ibm-springboot-demo] [restartedMain] c.ibm.demo.IbmSpringbootDemoApplication  : Starting IbmSpringbootDemoApplication using Java 21.0.10 with PID 14100 (D:\Projects\ibm-4-jun-2026\eclipse-ws\ibm-springboot-demo\target\classes started by DELL in D:\Projects\ibm-4-jun-2026\eclipse-ws\ibm-springboot-demo)
2026-06-18T12:32:05.132+05:30  INFO 14100 --- [ibm-springboot-demo] [restartedMain] c.ibm.demo.IbmSpringbootDemoApplication  : No active profile set, falling back to 1 default profile: "default"
2026-06-18T12:32:05.183+05:30  INFO 14100 --- [ibm-springboot-demo] [restartedMain] .e.DevToolsPropertyDefaultsPostProcessor : Devtools property defaults active! Set 'spring.devtools.add-properties' to 'false' to disable
2026-06-18T12:32:05.183+05:30  INFO 14100 --- [ibm-springboot-demo] [restartedMain] .e.DevToolsPropertyDefaultsPostProcessor : For additional web related logging consider setting the 'logging.level.web' property to 'DEBUG'
2026-06-18T12:32:06.284+05:30  INFO 14100 --- [ibm-springboot-demo] [restartedMain] .s.d.r.c.RepositoryConfigurationDelegate : Bootstrapping Spring Data MongoDB repositories in DEFAULT mode.
2026-06-18T12:32:06.359+05:30  INFO 14100 --- [ibm-springboot-demo] [restartedMain] .s.d.r.c.RepositoryConfigurationDelegate : Finished Spring Data repository scanning in 67 ms. Found 3 MongoDB repository interfaces.
2026-06-18T12:32:07.050+05:30  INFO 14100 --- [ibm-springboot-demo] [restartedMain] o.s.b.w.embedded.tomcat.TomcatWebServer  : Tomcat initialized with port 8090 (http)
2026-06-18T12:32:07.066+05:30  INFO 14100 --- [ibm-springboot-demo] [restartedMain] o.apache.catalina.core.StandardService   : Starting service [Tomcat]
2026-06-18T12:32:07.066+05:30  INFO 14100 --- [ibm-springboot-demo] [restartedMain] o.apache.catalina.core.StandardEngine    : Starting Servlet engine: [Apache Tomcat/10.1.43]
2026-06-18T12:32:07.106+05:30  INFO 14100 --- [ibm-springboot-demo] [restartedMain] o.a.c.c.C.[Tomcat].[localhost].[/]       : Initializing Spring embedded WebApplicationContext
2026-06-18T12:32:07.107+05:30  INFO 14100 --- [ibm-springboot-demo] [restartedMain] w.s.c.ServletWebServerApplicationContext : Root WebApplicationContext: initialization completed in 1923 ms
2026-06-18T12:32:07.275+05:30  INFO 14100 --- [ibm-springboot-demo] [restartedMain] c.i.d.c.SecurityConfig$$SpringCGLIB$$0   : Step 1 - authenticationManager
2026-06-18T12:32:07.295+05:30  INFO 14100 --- [ibm-springboot-demo] [restartedMain] c.i.d.c.SecurityConfig$$SpringCGLIB$$0   : Step 2 - passwordEncoder
2026-06-18T12:32:07.297+05:30  INFO 14100 --- [ibm-springboot-demo] [restartedMain] c.i.d.c.SecurityConfig$$SpringCGLIB$$0   : Step 3 - userDetailsService
2026-06-18T12:32:07.454+05:30  INFO 14100 --- [ibm-springboot-demo] [restartedMain] r$InitializeUserDetailsManagerConfigurer : Global AuthenticationManager configured with UserDetailsService bean with name userDetailsService
2026-06-18T12:32:07.603+05:30  INFO 14100 --- [ibm-springboot-demo] [restartedMain] org.mongodb.driver.client                : MongoClient with metadata {"driver": {"name": "mongo-java-driver|sync", "version": "5.5.1"}, "os": {"type": "Windows", "name": "Windows 11", "architecture": "amd64", "version": "10.0"}, "platform": "Java/Eclipse Adoptium/21.0.10+7-LTS"} created with settings MongoClientSettings{readPreference=primary, writeConcern=WriteConcern{w=null, wTimeout=null ms, journal=null}, retryWrites=true, retryReads=true, readConcern=ReadConcern{level=null}, credential=null, transportSettings=null, commandListeners=[], codecRegistry=ProvidersCodecRegistry{codecProviders=[ValueCodecProvider{}, BsonValueCodecProvider{}, DBRefCodecProvider{}, DBObjectCodecProvider{}, DocumentCodecProvider{}, CollectionCodecProvider{}, IterableCodecProvider{}, MapCodecProvider{}, GeoJsonCodecProvider{}, GridFSFileCodecProvider{}, Jsr310CodecProvider{}, JsonObjectCodecProvider{}, BsonCodecProvider{}, EnumCodecProvider{}, com.mongodb.client.model.mql.ExpressionCodecProvider@4db322ea, com.mongodb.Jep395RecordCodecProvider@3df20e25, com.mongodb.KotlinCodecProvider@5c181f55]}, loggerSettings=LoggerSettings{maxDocumentLength=1000}, clusterSettings={hosts=[localhost:27017], srvServiceName=mongodb, mode=SINGLE, requiredClusterType=UNKNOWN, requiredReplicaSetName='null', serverSelector='null', clusterListeners='[]', serverSelectionTimeout='30000 ms', localThreshold='15 ms'}, socketSettings=SocketSettings{connectTimeoutMS=10000, readTimeoutMS=0, receiveBufferSize=0, proxySettings=ProxySettings{host=null, port=null, username=null, password=null}}, heartbeatSocketSettings=SocketSettings{connectTimeoutMS=10000, readTimeoutMS=10000, receiveBufferSize=0, proxySettings=ProxySettings{host=null, port=null, username=null, password=null}}, connectionPoolSettings=ConnectionPoolSettings{maxSize=100, minSize=0, maxWaitTimeMS=120000, maxConnectionLifeTimeMS=0, maxConnectionIdleTimeMS=0, maintenanceInitialDelayMS=0, maintenanceFrequencyMS=60000, connectionPoolListeners=[], maxConnecting=2}, serverSettings=ServerSettings{heartbeatFrequencyMS=10000, minHeartbeatFrequencyMS=500, serverMonitoringMode=AUTO, serverListeners='[]', serverMonitorListeners='[]'}, sslSettings=SslSettings{enabled=false, invalidHostNameAllowed=false, context=null}, applicationName='null', compressorList=[], uuidRepresentation=UNSPECIFIED, serverApi=null, autoEncryptionSettings=null, dnsClient=null, inetAddressResolver=null, contextProvider=null, timeoutMS=null}
2026-06-18T12:32:07.634+05:30  INFO 14100 --- [ibm-springboot-demo] [cluster-ClusterId{value='6a3397ef59b4e281fd579377', description='null'}-localhost:27017] org.mongodb.driver.cluster               : Monitor thread successfully connected to server with description ServerDescription{address=localhost:27017, type=STANDALONE, cryptd=false, state=CONNECTED, ok=true, minWireVersion=0, maxWireVersion=28, maxDocumentSize=16777216, logicalSessionTimeoutMinutes=30, roundTripTimeNanos=22818700, minRoundTripTimeNanos=0}
2026-06-18T12:32:07.776+05:30  INFO 14100 --- [ibm-springboot-demo] [restartedMain] o.s.b.d.a.OptionalLiveReloadServer       : LiveReload server is running on port 35729
2026-06-18T12:32:08.620+05:30  INFO 14100 --- [ibm-springboot-demo] [restartedMain] o.s.b.a.e.web.EndpointLinksResolver      : Exposing 1 endpoint beneath base path '/actuator'
2026-06-18T12:32:08.692+05:30  INFO 14100 --- [ibm-springboot-demo] [restartedMain] c.i.d.c.SecurityConfig$$SpringCGLIB$$0   : Step 4 - securityFilterChain
2026-06-18T12:32:08.725+05:30  INFO 14100 --- [ibm-springboot-demo] [restartedMain] c.i.d.c.SecurityConfig$$SpringCGLIB$$0   : Step 5 - jwtFilter
2026-06-18T12:32:09.278+05:30  INFO 14100 --- [ibm-springboot-demo] [restartedMain] o.s.b.w.embedded.tomcat.TomcatWebServer  : Tomcat started on port 8090 (http) with context path '/'
2026-06-18T12:32:09.291+05:30  INFO 14100 --- [ibm-springboot-demo] [restartedMain] c.ibm.demo.IbmSpringbootDemoApplication  : Started IbmSpringbootDemoApplication in 4.535 seconds (process running for 4.878)
2026-06-18T12:32:19.731+05:30  INFO 14100 --- [ibm-springboot-demo] [http-nio-8090-exec-2] o.a.c.c.C.[Tomcat].[localhost].[/]       : Initializing Spring DispatcherServlet 'dispatcherServlet'
2026-06-18T12:32:19.732+05:30  INFO 14100 --- [ibm-springboot-demo] [http-nio-8090-exec-2] o.s.web.servlet.DispatcherServlet        : Initializing Servlet 'dispatcherServlet'
2026-06-18T12:32:19.745+05:30  INFO 14100 --- [ibm-springboot-demo] [http-nio-8090-exec-2] o.s.web.servlet.DispatcherServlet        : Completed initialization in 11 ms
2026-06-18T12:32:19.891+05:30  INFO 14100 --- [ibm-springboot-demo] [http-nio-8090-exec-2] com.ibm.demo.controller.AuthController   : Step 6 - login
2026-06-18T12:32:20.127+05:30  INFO 14100 --- [ibm-springboot-demo] [http-nio-8090-exec-2] com.ibm.demo.security.JwtUtil            : Step 7 - generateToken
2026-06-18T12:32:20.194+05:30  INFO 14100 --- [ibm-springboot-demo] [http-nio-8090-exec-2] com.ibm.demo.security.JwtUtil            : Step 8 - 10 key
2026-06-18T12:32:31.176+05:30  INFO 14100 --- [ibm-springboot-demo] [http-nio-8090-exec-3] com.ibm.demo.security.JwtUtil            : Step 9 - extractUsername
2026-06-18T12:32:31.205+05:30  INFO 14100 --- [ibm-springboot-demo] [http-nio-8090-exec-3] com.ibm.demo.security.JwtUtil            : Step 8 - 10 key
2026-06-18T12:32:31.245+05:30  INFO 14100 --- [ibm-springboot-demo] [http-nio-8090-exec-3] com.ibm.demo.security.JwtUtil            : Step 11 - isValid
2026-06-18T12:32:31.245+05:30  INFO 14100 --- [ibm-springboot-demo] [http-nio-8090-exec-3] com.ibm.demo.security.JwtUtil            : Step 9 - extractUsername
2026-06-18T12:32:31.246+05:30  INFO 14100 --- [ibm-springboot-demo] [http-nio-8090-exec-3] com.ibm.demo.security.JwtUtil            : Step 8 - 10 key
2026-06-18T12:32:31.248+05:30  INFO 14100 --- [ibm-springboot-demo] [http-nio-8090-exec-3] com.ibm.demo.security.JwtUtil            : Step 8 - 10 key
2026-06-18T12:32:31.340+05:30  INFO 14100 --- [ibm-springboot-demo] [http-nio-8090-exec-3] com.ibm.demo.aspect.EmployeeAspect       : [BEFORE] Calling: EmployeeServiceImpl.getAllEmployees() with args: []
2026-06-18T12:32:31.463+05:30  INFO 14100 --- [ibm-springboot-demo] [http-nio-8090-exec-3] com.ibm.demo.aspect.EmployeeAspect       : [AFTER RETURNING] EmployeeServiceImpl.getAllEmployees() returned: [EmployeeResponse [id=6a30da99f40a9d5ca390a6d9, firstName=Monu, lastName=Reddy, email=monu.reddy@gmail.com, salary=90009.75], EmployeeResponse [id=6a30dab0f40a9d5ca390a6da, firstName=Sonu, lastName=Pande, email=sonu.pande@gmail.com, salary=90002.25], EmployeeResponse [id=6a30e713cfbe6290e54ee07e, firstName=Vandan, lastName=Patel, email=vandan@gmail.com, salary=90004.25], EmployeeResponse [id=6a30e7e9cfbe6290e54ee07f, firstName=Anil, lastName=More, email=anil@gmail.com, salary=5656.34], EmployeeResponse [id=6a30f567d253b3e8d1d3ddc5, firstName=Anu, lastName=Rao, email=anu.rao@gmail.com, salary=23232.32], EmployeeResponse [id=6a31098cd253b3e8d1d3ddd9, firstName=Vamz2, lastName=Abcd2, email=vamz.abcd2@gmail.com, salary=878762.27], EmployeeResponse [id=6a310ddad253b3e8d1d3dddc, firstName=abcde, lastName=Appa, email=abcde@gmail.com, salary=202020.0], EmployeeResponse [id=6a31222de6365c7a203eb705, firstName=Samba, lastName=Shiva, email=samba@shiva.com, salary=2.2], EmployeeResponse [id=6a312585e6365c7a203eb711, firstName=Prasad, lastName=Prasad, email=prasad@prasad.com, salary=23456.76], EmployeeResponse [id=6a32433e0dac1c658f733a26, firstName=Vandan, lastName=Patel, email=vandan.patel@gmail.com, salary=90004.25], EmployeeResponse [id=6a3243560dac1c658f733a27, firstName=Candan, lastName=Ojha, email=chandan.ojha@gmail.com, salary=6757485.0], EmployeeResponse [id=6a327cb2ef7361abdca7bee6, firstName=Anu, lastName=Rao, email=anu.rao@ibm.com, salary=78002.75], EmployeeResponse [id=6a327f6bef7361abdca7bee7, firstName=Prasad, lastName=prasad, email=prasad@ibm.com, salary=202020.0]]
2026-06-18T12:32:31.465+05:30  INFO 14100 --- [ibm-springboot-demo] [http-nio-8090-exec-3] com.ibm.demo.aspect.EmployeeAspect       : [AFTER] Completed: EmployeeServiceImpl.getAllEmployees()
2026-06-18T12:32:38.660+05:30  INFO 14100 --- [ibm-springboot-demo] [http-nio-8090-exec-4] com.ibm.demo.security.JwtUtil            : Step 9 - extractUsername
2026-06-18T12:32:38.661+05:30  INFO 14100 --- [ibm-springboot-demo] [http-nio-8090-exec-4] com.ibm.demo.security.JwtUtil            : Step 8 - 10 key
2026-06-18T12:32:38.663+05:30  INFO 14100 --- [ibm-springboot-demo] [http-nio-8090-exec-4] com.ibm.demo.security.JwtUtil            : Step 11 - isValid
2026-06-18T12:32:38.664+05:30  INFO 14100 --- [ibm-springboot-demo] [http-nio-8090-exec-4] com.ibm.demo.security.JwtUtil            : Step 9 - extractUsername
2026-06-18T12:32:38.664+05:30  INFO 14100 --- [ibm-springboot-demo] [http-nio-8090-exec-4] com.ibm.demo.security.JwtUtil            : Step 8 - 10 key
2026-06-18T12:32:38.666+05:30  INFO 14100 --- [ibm-springboot-demo] [http-nio-8090-exec-4] com.ibm.demo.security.JwtUtil            : Step 8 - 10 key
2026-06-18T12:32:38.678+05:30  INFO 14100 --- [ibm-springboot-demo] [http-nio-8090-exec-4] c.i.demo.controller.EmployeeController   : Id 6a30dab0f40a9d5ca390a6da
2026-06-18T12:32:38.678+05:30  INFO 14100 --- [ibm-springboot-demo] [http-nio-8090-exec-4] com.ibm.demo.aspect.EmployeeAspect       : [BEFORE] Calling: EmployeeServiceImpl.getEmployeeById() with args: [6a30dab0f40a9d5ca390a6da]
2026-06-18T12:32:38.691+05:30  INFO 14100 --- [ibm-springboot-demo] [http-nio-8090-exec-4] com.ibm.demo.aspect.EmployeeAspect       : [AFTER RETURNING] EmployeeServiceImpl.getEmployeeById() returned: EmployeeResponse [id=6a30dab0f40a9d5ca390a6da, firstName=Sonu, lastName=Pande, email=sonu.pande@gmail.com, salary=90002.25]
2026-06-18T12:32:38.691+05:30  INFO 14100 --- [ibm-springboot-demo] [http-nio-8090-exec-4] com.ibm.demo.aspect.EmployeeAspect       : [AFTER] Completed: EmployeeServiceImpl.getEmployeeById()
2026-06-18T12:36:56.625+05:30  INFO 20220 --- [ibm-springboot-demo] [restartedMain] c.ibm.demo.IbmSpringbootDemoApplication  : Starting IbmSpringbootDemoApplication using Java 21.0.10 with PID 20220 (D:\Projects\ibm-4-jun-2026\eclipse-ws\ibm-springboot-demo\target\classes started by DELL in D:\Projects\ibm-4-jun-2026\eclipse-ws\ibm-springboot-demo)
2026-06-18T12:36:56.628+05:30  INFO 20220 --- [ibm-springboot-demo] [restartedMain] c.ibm.demo.IbmSpringbootDemoApplication  : No active profile set, falling back to 1 default profile: "default"
2026-06-18T12:36:56.680+05:30  INFO 20220 --- [ibm-springboot-demo] [restartedMain] .e.DevToolsPropertyDefaultsPostProcessor : Devtools property defaults active! Set 'spring.devtools.add-properties' to 'false' to disable
2026-06-18T12:36:56.680+05:30  INFO 20220 --- [ibm-springboot-demo] [restartedMain] .e.DevToolsPropertyDefaultsPostProcessor : For additional web related logging consider setting the 'logging.level.web' property to 'DEBUG'
2026-06-18T12:36:57.805+05:30  INFO 20220 --- [ibm-springboot-demo] [restartedMain] .s.d.r.c.RepositoryConfigurationDelegate : Bootstrapping Spring Data MongoDB repositories in DEFAULT mode.
2026-06-18T12:36:57.872+05:30  INFO 20220 --- [ibm-springboot-demo] [restartedMain] .s.d.r.c.RepositoryConfigurationDelegate : Finished Spring Data repository scanning in 59 ms. Found 3 MongoDB repository interfaces.
2026-06-18T12:36:58.540+05:30  INFO 20220 --- [ibm-springboot-demo] [restartedMain] o.s.b.w.embedded.tomcat.TomcatWebServer  : Tomcat initialized with port 8090 (http)
2026-06-18T12:36:58.556+05:30  INFO 20220 --- [ibm-springboot-demo] [restartedMain] o.apache.catalina.core.StandardService   : Starting service [Tomcat]
2026-06-18T12:36:58.556+05:30  INFO 20220 --- [ibm-springboot-demo] [restartedMain] o.apache.catalina.core.StandardEngine    : Starting Servlet engine: [Apache Tomcat/10.1.43]
2026-06-18T12:36:58.605+05:30  INFO 20220 --- [ibm-springboot-demo] [restartedMain] o.a.c.c.C.[Tomcat].[localhost].[/]       : Initializing Spring embedded WebApplicationContext
2026-06-18T12:36:58.605+05:30  INFO 20220 --- [ibm-springboot-demo] [restartedMain] w.s.c.ServletWebServerApplicationContext : Root WebApplicationContext: initialization completed in 1925 ms
2026-06-18T12:36:58.775+05:30  INFO 20220 --- [ibm-springboot-demo] [restartedMain] c.i.d.c.SecurityConfig$$SpringCGLIB$$0   : Step 1 - authenticationManager
2026-06-18T12:36:58.796+05:30  INFO 20220 --- [ibm-springboot-demo] [restartedMain] c.i.d.c.SecurityConfig$$SpringCGLIB$$0   : Step 2 - passwordEncoder
2026-06-18T12:36:58.798+05:30  INFO 20220 --- [ibm-springboot-demo] [restartedMain] c.i.d.c.SecurityConfig$$SpringCGLIB$$0   : Step 3 - userDetailsService
2026-06-18T12:36:58.937+05:30  INFO 20220 --- [ibm-springboot-demo] [restartedMain] r$InitializeUserDetailsManagerConfigurer : Global AuthenticationManager configured with UserDetailsService bean with name userDetailsService
2026-06-18T12:36:59.049+05:30  INFO 20220 --- [ibm-springboot-demo] [restartedMain] org.mongodb.driver.client                : MongoClient with metadata {"driver": {"name": "mongo-java-driver|sync", "version": "5.5.1"}, "os": {"type": "Windows", "name": "Windows 11", "architecture": "amd64", "version": "10.0"}, "platform": "Java/Eclipse Adoptium/21.0.10+7-LTS"} created with settings MongoClientSettings{readPreference=primary, writeConcern=WriteConcern{w=null, wTimeout=null ms, journal=null}, retryWrites=true, retryReads=true, readConcern=ReadConcern{level=null}, credential=null, transportSettings=null, commandListeners=[], codecRegistry=ProvidersCodecRegistry{codecProviders=[ValueCodecProvider{}, BsonValueCodecProvider{}, DBRefCodecProvider{}, DBObjectCodecProvider{}, DocumentCodecProvider{}, CollectionCodecProvider{}, IterableCodecProvider{}, MapCodecProvider{}, GeoJsonCodecProvider{}, GridFSFileCodecProvider{}, Jsr310CodecProvider{}, JsonObjectCodecProvider{}, BsonCodecProvider{}, EnumCodecProvider{}, com.mongodb.client.model.mql.ExpressionCodecProvider@4adc3c7c, com.mongodb.Jep395RecordCodecProvider@776cacdc, com.mongodb.KotlinCodecProvider@3323c47b]}, loggerSettings=LoggerSettings{maxDocumentLength=1000}, clusterSettings={hosts=[localhost:27017], srvServiceName=mongodb, mode=SINGLE, requiredClusterType=UNKNOWN, requiredReplicaSetName='null', serverSelector='null', clusterListeners='[]', serverSelectionTimeout='30000 ms', localThreshold='15 ms'}, socketSettings=SocketSettings{connectTimeoutMS=10000, readTimeoutMS=0, receiveBufferSize=0, proxySettings=ProxySettings{host=null, port=null, username=null, password=null}}, heartbeatSocketSettings=SocketSettings{connectTimeoutMS=10000, readTimeoutMS=10000, receiveBufferSize=0, proxySettings=ProxySettings{host=null, port=null, username=null, password=null}}, connectionPoolSettings=ConnectionPoolSettings{maxSize=100, minSize=0, maxWaitTimeMS=120000, maxConnectionLifeTimeMS=0, maxConnectionIdleTimeMS=0, maintenanceInitialDelayMS=0, maintenanceFrequencyMS=60000, connectionPoolListeners=[], maxConnecting=2}, serverSettings=ServerSettings{heartbeatFrequencyMS=10000, minHeartbeatFrequencyMS=500, serverMonitoringMode=AUTO, serverListeners='[]', serverMonitorListeners='[]'}, sslSettings=SslSettings{enabled=false, invalidHostNameAllowed=false, context=null}, applicationName='null', compressorList=[], uuidRepresentation=UNSPECIFIED, serverApi=null, autoEncryptionSettings=null, dnsClient=null, inetAddressResolver=null, contextProvider=null, timeoutMS=null}
2026-06-18T12:36:59.074+05:30  INFO 20220 --- [ibm-springboot-demo] [cluster-ClusterId{value='6a3399123a68aefc23eb9cfd', description='null'}-localhost:27017] org.mongodb.driver.cluster               : Monitor thread successfully connected to server with description ServerDescription{address=localhost:27017, type=STANDALONE, cryptd=false, state=CONNECTED, ok=true, minWireVersion=0, maxWireVersion=28, maxDocumentSize=16777216, logicalSessionTimeoutMinutes=30, roundTripTimeNanos=19469600, minRoundTripTimeNanos=0}
2026-06-18T12:36:59.176+05:30  INFO 20220 --- [ibm-springboot-demo] [restartedMain] o.s.b.d.a.OptionalLiveReloadServer       : LiveReload server is running on port 35729
2026-06-18T12:37:00.002+05:30  INFO 20220 --- [ibm-springboot-demo] [restartedMain] o.s.b.a.e.web.EndpointLinksResolver      : Exposing 1 endpoint beneath base path '/actuator'
2026-06-18T12:37:00.053+05:30  INFO 20220 --- [ibm-springboot-demo] [restartedMain] c.i.d.c.SecurityConfig$$SpringCGLIB$$0   : Step 4 - securityFilterChain
2026-06-18T12:37:00.079+05:30  INFO 20220 --- [ibm-springboot-demo] [restartedMain] c.i.d.c.SecurityConfig$$SpringCGLIB$$0   : Step 5 - jwtFilter
2026-06-18T12:37:00.626+05:30  INFO 20220 --- [ibm-springboot-demo] [restartedMain] o.s.b.w.embedded.tomcat.TomcatWebServer  : Tomcat started on port 8090 (http) with context path '/'
2026-06-18T12:37:00.639+05:30  INFO 20220 --- [ibm-springboot-demo] [restartedMain] c.ibm.demo.IbmSpringbootDemoApplication  : Started IbmSpringbootDemoApplication in 4.407 seconds (process running for 4.73)
2026-06-18T12:37:33.808+05:30  INFO 20220 --- [ibm-springboot-demo] [http-nio-8090-exec-2] o.a.c.c.C.[Tomcat].[localhost].[/]       : Initializing Spring DispatcherServlet 'dispatcherServlet'
2026-06-18T12:37:33.809+05:30  INFO 20220 --- [ibm-springboot-demo] [http-nio-8090-exec-2] o.s.web.servlet.DispatcherServlet        : Initializing Servlet 'dispatcherServlet'
2026-06-18T12:37:33.811+05:30  INFO 20220 --- [ibm-springboot-demo] [http-nio-8090-exec-2] o.s.web.servlet.DispatcherServlet        : Completed initialization in 2 ms
2026-06-18T12:37:34.046+05:30  INFO 20220 --- [ibm-springboot-demo] [http-nio-8090-exec-2] com.ibm.demo.controller.AuthController   : Step 6 - login
2026-06-18T12:37:34.274+05:30  INFO 20220 --- [ibm-springboot-demo] [http-nio-8090-exec-2] com.ibm.demo.security.JwtUtil            : Step 7 - generateToken
2026-06-18T12:37:34.348+05:30  INFO 20220 --- [ibm-springboot-demo] [http-nio-8090-exec-2] com.ibm.demo.security.JwtUtil            : Step 8, 10 key
2026-06-18T12:37:51.253+05:30  INFO 20220 --- [ibm-springboot-demo] [http-nio-8090-exec-3] com.ibm.demo.security.JwtUtil            : Step 9 - extractUsername
2026-06-18T12:37:51.277+05:30  INFO 20220 --- [ibm-springboot-demo] [http-nio-8090-exec-3] com.ibm.demo.security.JwtUtil            : Step 8, 10 key
2026-06-18T12:37:51.312+05:30  INFO 20220 --- [ibm-springboot-demo] [http-nio-8090-exec-3] com.ibm.demo.security.JwtUtil            : Step 11 - isValid
2026-06-18T12:37:51.313+05:30  INFO 20220 --- [ibm-springboot-demo] [http-nio-8090-exec-3] com.ibm.demo.security.JwtUtil            : Step 9 - extractUsername
2026-06-18T12:37:51.314+05:30  INFO 20220 --- [ibm-springboot-demo] [http-nio-8090-exec-3] com.ibm.demo.security.JwtUtil            : Step 8, 10 key
2026-06-18T12:37:51.316+05:30  INFO 20220 --- [ibm-springboot-demo] [http-nio-8090-exec-3] com.ibm.demo.security.JwtUtil            : Step 8, 10 key
2026-06-18T12:37:51.428+05:30  INFO 20220 --- [ibm-springboot-demo] [http-nio-8090-exec-3] c.i.demo.controller.EmployeeController   : Id 6a30dab0f40a9d5ca390a6da
2026-06-18T12:37:51.432+05:30  INFO 20220 --- [ibm-springboot-demo] [http-nio-8090-exec-3] com.ibm.demo.aspect.EmployeeAspect       : [BEFORE] Calling: EmployeeServiceImpl.getEmployeeById() with args: [6a30dab0f40a9d5ca390a6da]
2026-06-18T12:37:51.574+05:30  INFO 20220 --- [ibm-springboot-demo] [http-nio-8090-exec-3] com.ibm.demo.aspect.EmployeeAspect       : [AFTER RETURNING] EmployeeServiceImpl.getEmployeeById() returned: EmployeeResponse [id=6a30dab0f40a9d5ca390a6da, firstName=Sonu, lastName=Pande, email=sonu.pande@gmail.com, salary=90002.25]
2026-06-18T12:37:51.575+05:30  INFO 20220 --- [ibm-springboot-demo] [http-nio-8090-exec-3] com.ibm.demo.aspect.EmployeeAspect       : [AFTER] Completed: EmployeeServiceImpl.getEmployeeById()
2026-06-18T12:38:27.000+05:30  INFO 20220 --- [ibm-springboot-demo] [http-nio-8090-exec-4] com.ibm.demo.security.JwtUtil            : Step 9 - extractUsername
2026-06-18T12:38:27.001+05:30  INFO 20220 --- [ibm-springboot-demo] [http-nio-8090-exec-4] com.ibm.demo.security.JwtUtil            : Step 8, 10 key
2026-06-18T12:38:27.003+05:30  INFO 20220 --- [ibm-springboot-demo] [http-nio-8090-exec-4] com.ibm.demo.security.JwtUtil            : Step 11 - isValid
2026-06-18T12:38:27.004+05:30  INFO 20220 --- [ibm-springboot-demo] [http-nio-8090-exec-4] com.ibm.demo.security.JwtUtil            : Step 9 - extractUsername
2026-06-18T12:38:27.004+05:30  INFO 20220 --- [ibm-springboot-demo] [http-nio-8090-exec-4] com.ibm.demo.security.JwtUtil            : Step 8, 10 key
2026-06-18T12:38:27.007+05:30  INFO 20220 --- [ibm-springboot-demo] [http-nio-8090-exec-4] com.ibm.demo.security.JwtUtil            : Step 8, 10 key
2026-06-18T12:38:27.012+05:30  INFO 20220 --- [ibm-springboot-demo] [http-nio-8090-exec-4] com.ibm.demo.aspect.EmployeeAspect       : [BEFORE] Calling: EmployeeServiceImpl.getAllEmployees() with args: []
2026-06-18T12:38:27.030+05:30  INFO 20220 --- [ibm-springboot-demo] [http-nio-8090-exec-4] com.ibm.demo.aspect.EmployeeAspect       : [AFTER RETURNING] EmployeeServiceImpl.getAllEmployees() returned: [EmployeeResponse [id=6a30da99f40a9d5ca390a6d9, firstName=Monu, lastName=Reddy, email=monu.reddy@gmail.com, salary=90009.75], EmployeeResponse [id=6a30dab0f40a9d5ca390a6da, firstName=Sonu, lastName=Pande, email=sonu.pande@gmail.com, salary=90002.25], EmployeeResponse [id=6a30e713cfbe6290e54ee07e, firstName=Vandan, lastName=Patel, email=vandan@gmail.com, salary=90004.25], EmployeeResponse [id=6a30e7e9cfbe6290e54ee07f, firstName=Anil, lastName=More, email=anil@gmail.com, salary=5656.34], EmployeeResponse [id=6a30f567d253b3e8d1d3ddc5, firstName=Anu, lastName=Rao, email=anu.rao@gmail.com, salary=23232.32], EmployeeResponse [id=6a31098cd253b3e8d1d3ddd9, firstName=Vamz2, lastName=Abcd2, email=vamz.abcd2@gmail.com, salary=878762.27], EmployeeResponse [id=6a310ddad253b3e8d1d3dddc, firstName=abcde, lastName=Appa, email=abcde@gmail.com, salary=202020.0], EmployeeResponse [id=6a31222de6365c7a203eb705, firstName=Samba, lastName=Shiva, email=samba@shiva.com, salary=2.2], EmployeeResponse [id=6a312585e6365c7a203eb711, firstName=Prasad, lastName=Prasad, email=prasad@prasad.com, salary=23456.76], EmployeeResponse [id=6a32433e0dac1c658f733a26, firstName=Vandan, lastName=Patel, email=vandan.patel@gmail.com, salary=90004.25], EmployeeResponse [id=6a3243560dac1c658f733a27, firstName=Candan, lastName=Ojha, email=chandan.ojha@gmail.com, salary=6757485.0], EmployeeResponse [id=6a327cb2ef7361abdca7bee6, firstName=Anu, lastName=Rao, email=anu.rao@ibm.com, salary=78002.75], EmployeeResponse [id=6a327f6bef7361abdca7bee7, firstName=Prasad, lastName=prasad, email=prasad@ibm.com, salary=202020.0]]
2026-06-18T12:38:27.030+05:30  INFO 20220 --- [ibm-springboot-demo] [http-nio-8090-exec-4] com.ibm.demo.aspect.EmployeeAspect       : [AFTER] Completed: EmployeeServiceImpl.getAllEmployees()
